<?xml version="1.0" encoding="UTF-8"?>
<!-- Generated by org.testng.reporters.JUnitReportReporter -->
<testsuite hostname="LAPTOP-L03BT6U2" failures="0" tests="4" name="TestCase" time="5.387" errors="0" timestamp="2024-08-13T18:26:46 EET" skipped="3">
  <testcase classname="TestCase" name="addMenItem" time="5.387"/>
  <system-out/>
  <testcase classname="TestCase" name="createAccout">
    <skipped/>
  </testcase> <!-- createAccout -->
  <system-out/>
  <testcase classname="TestCase" name="singout">
    <skipped/>
  </testcase> <!-- singout -->
  <system-out/>
  <testcase classname="TestCase" name="loginTest">
    <skipped/>
  </testcase> <!-- loginTest -->
  <system-out/>
</testsuite> <!-- TestCase -->
